# JRE version: Java(TM) SE Runtime Environment (10.0.1+10) (build 10.0.1+10)
# Java VM: Java HotSpot(TM) 64-Bit Server VM (10.0.1+10, mixed mode, tiered, compressed oops, g1 gc, windows-amd64)
Heap:
 garbage-first heap   total 135168K, used 52736K [0x00000000e1800000, 0x0000000100000000)
  region size 1024K, 10 young (10240K), 4 survivors (4096K)
 Metaspace       used 56983K, capacity 57885K, committed 58624K, reserved 1103872K
  class space    used 5704K, capacity 6079K, committed 6144K, reserved 1048576K
GC Heap History (10 events):
Event: 70.758 GC heap before
{Heap before GC invocations=53 (full 0):
 garbage-first heap   total 103424K, used 75788K [0x00000000e1800000, 0x0000000100000000)
  region size 1024K, 43 young (44032K), 4 survivors (4096K)
 Metaspace       used 41338K, capacity 42165K, committed 42752K, reserved 1087488K
  class space    used 4207K, capacity 4528K, committed 4608K, reserved 1048576K
}
Event: 70.789 GC heap after
{Heap after GC invocations=54 (full 0):
 garbage-first heap   total 103424K, used 37384K [0x00000000e1800000, 0x0000000100000000)
  region size 1024K, 5 young (5120K), 5 survivors (5120K)
 Metaspace       used 41338K, capacity 42165K, committed 42752K, reserved 1087488K
  class space    used 4207K, capacity 4528K, committed 4608K, reserved 1048576K
}
Event: 71.835 GC heap before
{Heap before GC invocations=54 (full 0):
 garbage-first heap   total 103424K, used 78344K [0x00000000e1800000, 0x0000000100000000)
  region size 1024K, 45 young (46080K), 5 survivors (5120K)
 Metaspace       used 41338K, capacity 42165K, committed 42752K, reserved 1087488K
  class space    used 4207K, capacity 4528K, committed 4608K, reserved 1048576K
}
Event: 71.866 GC heap after
{Heap after GC invocations=55 (full 0):
 garbage-first heap   total 103424K, used 37764K [0x00000000e1800000, 0x0000000100000000)
  region size 1024K, 3 young (3072K), 3 survivors (3072K)
 Metaspace       used 41338K, capacity 42165K, committed 42752K, reserved 1087488K
  class space    used 4207K, capacity 4528K, committed 4608K, reserved 1048576K
}
Event: 72.658 GC heap before
{Heap before GC invocations=55 (full 0):
 garbage-first heap   total 103424K, used 81796K [0x00000000e1800000, 0x0000000100000000)
  region size 1024K, 46 young (47104K), 3 survivors (3072K)
 Metaspace       used 41385K, capacity 42261K, committed 42752K, reserved 1087488K
  class space    used 4210K, capacity 4560K, committed 4608K, reserved 1048576K
}
Event: 72.689 GC heap after
{Heap after GC invocations=56 (full 0):
 garbage-first heap   total 135168K, used 38788K [0x00000000e1800000, 0x0000000100000000)
  region size 1024K, 4 young (4096K), 4 survivors (4096K)
 Metaspace       used 41385K, capacity 42261K, committed 42752K, reserved 1087488K
  class space    used 4210K, capacity 4560K, committed 4608K, reserved 1048576K
}
Event: 408.108 GC heap before
{Heap before GC invocations=56 (full 0):
 garbage-first heap   total 135168K, used 100228K [0x00000000e1800000, 0x0000000100000000)
  region size 1024K, 64 young (65536K), 4 survivors (4096K)
 Metaspace       used 50499K, capacity 51356K, committed 51968K, reserved 1095680K
  class space    used 5024K, capacity 5341K, committed 5376K, reserved 1048576K
}
Event: 408.255 GC heap after
{Heap after GC invocations=57 (full 0):
 garbage-first heap   total 135168K, used 44065K [0x00000000e1800000, 0x0000000100000000)
  region size 1024K, 8 young (8192K), 8 survivors (8192K)
 Metaspace       used 50499K, capacity 51356K, committed 51968K, reserved 1095680K
  class space    used 5024K, capacity 5341K, committed 5376K, reserved 1048576K
}
Event: 451.314 GC heap before
{Heap before GC invocations=57 (full 0):
 garbage-first heap   total 135168K, used 102433K [0x00000000e1800000, 0x0000000100000000)
  region size 1024K, 65 young (66560K), 8 survivors (8192K)
 Metaspace       used 56862K, capacity 57807K, committed 58368K, reserved 1103872K
  class space    used 5702K, capacity 6077K, committed 6144K, reserved 1048576K
}
Event: 451.395 GC heap after
{Heap after GC invocations=58 (full 0):
 garbage-first heap   total 135168K, used 47616K [0x00000000e1800000, 0x0000000100000000)
  region size 1024K, 4 young (4096K), 4 survivors (4096K)
 Metaspace       used 56862K, capacity 57807K, committed 58368K, reserved 1103872K
  class space    used 5702K, capacity 6077K, committed 6144K, reserved 1048576K
}

