# JRE version: Java(TM) SE Runtime Environment (10.0.1+10) (build 10.0.1+10)
# Java VM: Java HotSpot(TM) 64-Bit Server VM (10.0.1+10, mixed mode, tiered, compressed oops, g1 gc, windows-amd64)
Heap:
 garbage-first heap   total 158720K, used 80143K [0x00000000e1800000, 0x0000000100000000)
  region size 1024K, 47 young (48128K), 7 survivors (7168K)
 Metaspace       used 51523K, capacity 52349K, committed 52864K, reserved 1097728K
  class space    used 5116K, capacity 5480K, committed 5504K, reserved 1048576K
GC Heap History (10 events):
Event: 59.349 GC heap before
{Heap before GC invocations=56 (full 0):
 garbage-first heap   total 67584K, used 50758K [0x00000000e1800000, 0x0000000100000000)
  region size 1024K, 22 young (22528K), 2 survivors (2048K)
 Metaspace       used 41293K, capacity 42101K, committed 42496K, reserved 1087488K
  class space    used 4206K, capacity 4528K, committed 4608K, reserved 1048576K
}
Event: 59.379 GC heap after
{Heap after GC invocations=57 (full 0):
 garbage-first heap   total 114688K, used 32048K [0x00000000e1800000, 0x0000000100000000)
  region size 1024K, 2 young (2048K), 2 survivors (2048K)
 Metaspace       used 41293K, capacity 42101K, committed 42496K, reserved 1087488K
  class space    used 4206K, capacity 4528K, committed 4608K, reserved 1048576K
}
Event: 60.307 GC heap before
{Heap before GC invocations=57 (full 0):
 garbage-first heap   total 114688K, used 69936K [0x00000000e1800000, 0x0000000100000000)
  region size 1024K, 39 young (39936K), 2 survivors (2048K)
 Metaspace       used 41294K, capacity 42101K, committed 42496K, reserved 1087488K
  class space    used 4206K, capacity 4528K, committed 4608K, reserved 1048576K
}
Event: 60.340 GC heap after
{Heap after GC invocations=58 (full 0):
 garbage-first heap   total 114688K, used 33625K [0x00000000e1800000, 0x0000000100000000)
  region size 1024K, 4 young (4096K), 4 survivors (4096K)
 Metaspace       used 41294K, capacity 42101K, committed 42496K, reserved 1087488K
  class space    used 4206K, capacity 4528K, committed 4608K, reserved 1048576K
}
Event: 61.011 GC heap before
{Heap before GC invocations=58 (full 0):
 garbage-first heap   total 114688K, used 78681K [0x00000000e1800000, 0x0000000100000000)
  region size 1024K, 48 young (49152K), 4 survivors (4096K)
 Metaspace       used 41298K, capacity 42101K, committed 42496K, reserved 1087488K
  class space    used 4206K, capacity 4528K, committed 4608K, reserved 1048576K
}
Event: 61.039 GC heap after
{Heap after GC invocations=59 (full 0):
 garbage-first heap   total 114688K, used 33982K [0x00000000e1800000, 0x0000000100000000)
  region size 1024K, 4 young (4096K), 4 survivors (4096K)
 Metaspace       used 41298K, capacity 42101K, committed 42496K, reserved 1087488K
  class space    used 4206K, capacity 4528K, committed 4608K, reserved 1048576K
}
Event: 61.699 GC heap before
{Heap before GC invocations=59 (full 0):
 garbage-first heap   total 114688K, used 82110K [0x00000000e1800000, 0x0000000100000000)
  region size 1024K, 51 young (52224K), 4 survivors (4096K)
 Metaspace       used 41298K, capacity 42101K, committed 42496K, reserved 1087488K
  class space    used 4206K, capacity 4528K, committed 4608K, reserved 1048576K
}
Event: 61.732 GC heap after
{Heap after GC invocations=60 (full 0):
 garbage-first heap   total 114688K, used 35673K [0x00000000e1800000, 0x0000000100000000)
  region size 1024K, 5 young (5120K), 5 survivors (5120K)
 Metaspace       used 41298K, capacity 42101K, committed 42496K, reserved 1087488K
  class space    used 4206K, capacity 4528K, committed 4608K, reserved 1048576K
}
Event: 128.745 GC heap before
{Heap before GC invocations=60 (full 0):
 garbage-first heap   total 114688K, used 85849K [0x00000000e1800000, 0x0000000100000000)
  region size 1024K, 54 young (55296K), 5 survivors (5120K)
 Metaspace       used 48132K, capacity 48962K, committed 49280K, reserved 1093632K
  class space    used 4861K, capacity 5210K, committed 5248K, reserved 1048576K
}
Event: 128.899 GC heap after
{Heap after GC invocations=61 (full 0):
 garbage-first heap   total 158720K, used 40207K [0x00000000e1800000, 0x0000000100000000)
  region size 1024K, 7 young (7168K), 7 survivors (7168K)
 Metaspace       used 48132K, capacity 48962K, committed 49280K, reserved 1093632K
  class space    used 4861K, capacity 5210K, committed 5248K, reserved 1048576K
}

